{"level":"error","message":"Login error for email: admdin@info.com, Error: Kullanıcı bulunamadı","timestamp":"2025-04-17T01:04:56.238Z"}
{"level":"error","message":"Login error for email: admdin@info.com, Error: Kullanıcı bulunamadı","timestamp":"2025-04-17T01:07:27.463Z"}
{"level":"error","message":"Login error for email: admdin@info.com, Error: Kullanıcı bulunamadı","timestamp":"2025-04-17T01:10:51.815Z"}
{"level":"error","message":"Login error for email: admdin@info.com, Error: Kullanıcı bulunamadı","timestamp":"2025-04-17T01:11:29.355Z"}
{"level":"error","message":"Beklenmeyen Hata: next is not defined","timestamp":"2025-04-17T01:11:29.357Z"}
{"level":"error","message":"Beklenmeyen Hata: next is not defined","timestamp":"2025-04-17T01:31:33.774Z"}
{"level":"error","message":"Beklenmeyen Hata: next is not defined","timestamp":"2025-04-17T01:31:49.758Z"}
{"level":"error","message":"Beklenmeyen Hata: err is not defined","timestamp":"2025-04-17T01:32:28.023Z"}
{"level":"error","message":"Uygulama Hatası: Kullanıcı bulunamadı","timestamp":"2025-04-17T01:32:56.734Z"}
{"level":"error","message":"Beklenmeyen Hata: erro is not defined","timestamp":"2025-04-17T01:33:31.522Z"}
{"level":"error","message":"Beklenmeyen Hata: error is not defined","timestamp":"2025-04-17T01:36:43.605Z"}
{"level":"error","message":"Beklenmeyen Hata: error is not defined","timestamp":"2025-04-17T01:39:05.502Z"}
{"level":"error","message":"Beklenmeyen Hata: error is not defined","timestamp":"2025-04-17T01:39:12.257Z"}
{"level":"error","message":"Uygulama Hatası: Kullanıcı bulunamadı","timestamp":"2025-04-17T01:40:44.067Z"}
{"level":"error","message":"Uygulama Hatası: Kullanıcı bulunamadı","timestamp":"2025-04-17T01:41:17.616Z"}
{"level":"error","message":"Uygulama Hatası: Kullanıcı bulunamadı","timestamp":"2025-04-17T01:41:59.709Z"}
{"level":"error","message":"Uygulama Hatası: Kullanıcı bulunamadı","timestamp":"2025-04-17T01:42:50.281Z"}
{"level":"error","message":"Uygulama Hatası: Kullanıcı bulunamadı","timestamp":"2025-04-17T01:43:24.385Z"}
{"level":"error","message":"Uygulama Hatası: Kullanıcı bulunamadı","timestamp":"2025-04-17T01:43:34.674Z"}
{"level":"error","message":"Uygulama Hatası: E-posta adresi bulunamadı.","timestamp":"2025-04-17T02:49:45.051Z"}
{"level":"error","message":"Uygulama Hatası: Şifreler eşleşmiyor.","timestamp":"2025-04-17T02:50:05.229Z"}
