{"level":"error","message":"Beklenmeyen Hata: Categoy is not defined","meta":{"ip":"::1","method":"GET","url":"/api/categories/"},"statusCode":500,"timestamp":"2025-04-19T06:32:56.102Z"}
{"level":"error","message":"Beklenmeyen Hata: category.save is not a function","meta":{"ip":"::1","method":"PUT","url":"/api/categories/node-js"},"statusCode":500,"timestamp":"2025-04-19T06:54:20.590Z"}
{"level":"error","message":"Beklenmeyen Hata: category.save is not a function","meta":{"ip":"::1","method":"PUT","url":"/api/categories/node-js"},"statusCode":500,"timestamp":"2025-04-19T06:57:18.125Z"}
{"level":"error","message":"Beklenmeyen Hata: Cannot read properties of null (reading 'length')","meta":{"ip":"::1","method":"DELETE","url":"/api/categories/node-jsasfdsaf"},"statusCode":500,"timestamp":"2025-04-19T07:41:22.189Z"}
{"level":"error","message":"Beklenmeyen Hata: Cannot read properties of null (reading 'length')","meta":{"ip":"::1","method":"DELETE","url":"/api/categories/node-jsasfdsaf"},"statusCode":500,"timestamp":"2025-04-19T07:41:43.219Z"}
{"level":"error","message":"Beklenmeyen Hata: Cannot read properties of null (reading 'length')","meta":{"ip":"::1","method":"DELETE","url":"/api/categories/node-jsasfdsaf"},"statusCode":500,"timestamp":"2025-04-19T07:42:32.683Z"}
{"level":"error","message":"Beklenmeyen Hata: Cannot read properties of null (reading 'slug')","meta":{"ip":"::1","method":"DELETE","url":"/api/categories/node-jsasfdsaf"},"statusCode":500,"timestamp":"2025-04-19T07:43:43.698Z"}
{"level":"error","message":"Beklenmeyen Hata: Cannot read properties of null (reading 'length')","meta":{"ip":"::1","method":"DELETE","url":"/api/categories/node-jsasfdsaf"},"statusCode":500,"timestamp":"2025-04-19T07:48:56.249Z"}
{"level":"error","message":"Beklenmeyen Hata: Course validation failed: level: `Orta` is not a valid enum value for path `level`.","meta":{"ip":"::1","method":"POST","url":"/api/courses/"},"statusCode":500,"timestamp":"2025-04-19T13:52:54.211Z"}
{"level":"error","message":"Beklenmeyen Hata: Schema hasn't been registered for model \"Lesson\".\nUse mongoose.model(name, schema)","meta":{"ip":"::1","method":"GET","url":"/api/courses/react-ile-modern-web-gelistirme"},"statusCode":500,"timestamp":"2025-04-19T14:34:36.946Z"}
{"level":"error","message":"Beklenmeyen Hata: createCourseFolder is not a function","meta":{"ip":"::1","method":"POST","url":"/api/courses/"},"statusCode":500,"timestamp":"2025-04-19T15:46:41.358Z"}
{"level":"error","message":"Beklenmeyen Hata: createCourseFolder is not a function","meta":{"ip":"::1","method":"POST","url":"/api/courses/"},"statusCode":500,"timestamp":"2025-04-19T15:47:54.315Z"}
{"level":"error","message":"Beklenmeyen Hata: createCourseFolder is not a function","meta":{"ip":"::1","method":"POST","url":"/api/courses/"},"statusCode":500,"timestamp":"2025-04-19T15:48:13.187Z"}
{"level":"error","message":"Beklenmeyen Hata: createCourseFolder is not a function","meta":{"ip":"::1","method":"POST","url":"/api/courses/"},"statusCode":500,"timestamp":"2025-04-19T15:49:19.539Z"}
{"level":"error","message":"Beklenmeyen Hata: FileService.createCourseFolder is not a function","meta":{"ip":"::1","method":"POST","url":"/api/courses/"},"statusCode":500,"timestamp":"2025-04-19T15:50:12.142Z"}
{"level":"error","message":"Beklenmeyen Hata: Unexpected field","meta":{"ip":"::1","method":"POST","url":"/api/courses/"},"statusCode":500,"timestamp":"2025-04-21T08:54:53.051Z"}
{"level":"error","message":"Beklenmeyen Hata: Unexpected field","meta":{"ip":"::1","method":"POST","url":"/api/courses/"},"statusCode":500,"timestamp":"2025-04-21T08:55:22.060Z"}
{"level":"error","message":"Beklenmeyen Hata: Cannot read properties of null (reading 'slug')","meta":{"ip":"::1","method":"POST","url":"/api/courses/"},"statusCode":500,"timestamp":"2025-04-21T08:56:00.789Z"}
{"level":"error","message":"Beklenmeyen Hata: Course or category not found","meta":{"ip":"::1","method":"PATCH","url":"/api/courses/react/thumbnail"},"statusCode":500,"timestamp":"2025-04-21T09:16:53.886Z"}
{"level":"error","message":"Beklenmeyen Hata: Cast to ObjectId failed for value \"react\" (type string) at path \"_id\" for model \"Course\"","meta":{"ip":"::1","method":"PATCH","url":"/api/courses/react/thumbnail"},"statusCode":500,"timestamp":"2025-04-21T09:18:01.727Z"}
{"level":"error","message":"Beklenmeyen Hata: Course or category not found","meta":{"ip":"::1","method":"PATCH","url":"/api/courses/react/thumbnail"},"statusCode":500,"timestamp":"2025-04-21T09:20:21.603Z"}
{"level":"error","message":"Beklenmeyen Hata: Course or category not found","meta":{"ip":"::1","method":"PATCH","url":"/api/courses/react/thumbnail"},"statusCode":500,"timestamp":"2025-04-21T09:21:23.590Z"}
{"level":"error","message":"Beklenmeyen Hata: Course or category not found","meta":{"ip":"::1","method":"PATCH","url":"/api/courses/react/thumbnail"},"statusCode":500,"timestamp":"2025-04-21T09:21:42.702Z"}
{"level":"error","message":"Beklenmeyen Hata: Cast to ObjectId failed for value \"react-ile-modern-web-gelistirme-2-1\" (type string) at path \"_id\" for model \"Course\"","meta":{"ip":"::1","method":"PATCH","url":"/api/courses/react-ile-modern-web-gelistirme-2-1/thumbnail"},"statusCode":500,"timestamp":"2025-04-21T09:22:22.343Z"}
{"level":"error","message":"Beklenmeyen Hata: Cast to ObjectId failed for value \"react-ile-modern-web-gelistirme-2-1\" (type string) at path \"_id\" for model \"Course\"","meta":{"ip":"::1","method":"PATCH","url":"/api/courses/react-ile-modern-web-gelistirme-2-1/thumbnail"},"statusCode":500,"timestamp":"2025-04-21T09:23:20.393Z"}
{"level":"error","message":"Beklenmeyen Hata: path is not defined","meta":{"ip":"::1","method":"PATCH","url":"/api/courses/react-ile-modern-web-gelistirme-2-1/thumbnail"},"statusCode":500,"timestamp":"2025-04-21T09:25:33.610Z"}
{"level":"error","message":"Beklenmeyen Hata: path is not defined","meta":{"ip":"::1","method":"PATCH","url":"/api/courses/react-ile-modern-web-gelistirme-2-7/thumbnail"},"statusCode":500,"timestamp":"2025-04-21T09:25:58.640Z"}
{"level":"error","message":"Beklenmeyen Hata: Unexpected field","meta":{"ip":"::1","method":"PATCH","url":"/api/courses/react-ile-modern-web-gelistirme-2-7/thumbnail"},"statusCode":500,"timestamp":"2025-04-21T09:30:33.510Z"}
{"level":"error","message":"Beklenmeyen Hata: Folder information missing.","meta":{"ip":"::1","method":"PATCH","url":"/api/courses/react-ile-modern-web-gelistirme-2/thumbnail"},"statusCode":500,"timestamp":"2025-04-21T13:07:33.933Z"}
{"level":"error","message":"Beklenmeyen Hata: Cannot read properties of undefined (reading 'filename')","meta":{"ip":"::1","method":"PATCH","url":"/api/courses/react-ile-modern-web-gelistirme-2/thumbnail"},"statusCode":500,"timestamp":"2025-04-21T13:36:13.886Z"}
{"level":"error","message":"Beklenmeyen Hata: Cannot read properties of undefined (reading 'filename')","meta":{"ip":"::1","method":"PATCH","url":"/api/courses/react-ile-modern-web-gelistirme-2/thumbnail"},"statusCode":500,"timestamp":"2025-04-21T13:36:43.972Z"}
{"level":"error","message":"Beklenmeyen Hata: Cannot read properties of undefined (reading 'filename')","meta":{"ip":"::1","method":"PATCH","url":"/api/courses/react-ile-modern-web-gelistirme-1/thumbnail"},"statusCode":500,"timestamp":"2025-04-21T13:37:36.953Z"}
{"level":"error","message":"Beklenmeyen Hata: Cannot read properties of undefined (reading 'filename')","meta":{"ip":"::1","method":"PATCH","url":"/api/courses/react-ile-modern-web-gelistirme-2/thumbnail"},"statusCode":500,"timestamp":"2025-04-21T13:37:57.483Z"}
{"level":"error","message":"Beklenmeyen Hata: Cannot read properties of undefined (reading 'filename')","meta":{"ip":"::1","method":"PATCH","url":"/api/courses/react-ile-modern-web-gelistirme-2/thumbnail"},"statusCode":500,"timestamp":"2025-04-21T13:38:07.922Z"}
{"level":"error","message":"Beklenmeyen Hata: Cannot read properties of undefined (reading 'filename')","meta":{"ip":"::1","method":"PATCH","url":"/api/courses/react-ile-modern-web-gelistirme-2/thumbnail"},"statusCode":500,"timestamp":"2025-04-21T13:38:33.559Z"}
{"level":"error","message":"Beklenmeyen Hata: Cannot read properties of undefined (reading 'filename')","meta":{"ip":"::1","method":"PATCH","url":"/api/courses/react-ile-modern-web-gelistirme-2/thumbnail"},"statusCode":500,"timestamp":"2025-04-21T13:38:48.386Z"}
{"level":"error","message":"Beklenmeyen Hata: Cannot read properties of undefined (reading 'filename')","meta":{"ip":"::1","method":"PATCH","url":"/api/courses/react-ile-modern-web-gelistirme-2/thumbnail"},"statusCode":500,"timestamp":"2025-04-21T13:40:01.872Z"}
{"level":"error","message":"Beklenmeyen Hata: Cannot read properties of undefined (reading 'filename')","meta":{"ip":"::1","method":"PATCH","url":"/api/courses/react-ile-modern-web-gelistirme-2/thumbnail"},"statusCode":500,"timestamp":"2025-04-21T13:41:05.276Z"}
{"level":"error","message":"Beklenmeyen Hata: Cannot read properties of undefined (reading 'filename')","meta":{"ip":"::1","method":"PATCH","url":"/api/courses/react-ile-modern-web-gelistirme-2/thumbnail"},"statusCode":500,"timestamp":"2025-04-21T13:43:50.276Z"}
{"level":"error","message":"Beklenmeyen Hata: Cannot read properties of undefined (reading 'filename')","meta":{"ip":"::1","method":"PATCH","url":"/api/courses/react-ile-modern-web-gelistirme-2/thumbnail"},"statusCode":500,"timestamp":"2025-04-21T13:44:04.347Z"}
{"level":"error","message":"Beklenmeyen Hata: Unexpected field","meta":{"ip":"::1","method":"PATCH","url":"/api/courses/react-ile-modern-web-gelistirme-2/thumbnail"},"statusCode":500,"timestamp":"2025-04-21T13:46:40.123Z"}
