{"level":"warn","message":"Uygulama Hatası: Şifreler eşleşmiyor.","meta":{"ip":"::1","method":"POST","stack":"AppError: Şifreler eşleşmiyor.\n    at login (C:\\Users\\fatih\\Desktop\\node\\OnlineEdu\\src\\controller\\authController.js:50:13)","url":"/api/auth/login"},"timestamp":"2025-04-18T00:57:54.750Z"}
{"level":"warn","message":"Uygulama Hatası: E-posta ve şifre gereklidir.","meta":{"ip":"::1","method":"POST","stack":"AppError: E-posta ve şifre gereklidir.\n    at login (C:\\Users\\fatih\\Desktop\\node\\OnlineEdu\\src\\controller\\authController.js:33:13)\n    at Layer.handleRequest (C:\\Users\\fatih\\Desktop\\node\\OnlineEdu\\node_modules\\router\\lib\\layer.js:152:17)\n    at next (C:\\Users\\fatih\\Desktop\\node\\OnlineEdu\\node_modules\\router\\lib\\route.js:157:13)\n    at validate (C:\\Users\\fatih\\Desktop\\node\\OnlineEdu\\src\\middleware\\validators\\validatorMiddleware.js:14:3)\n    at Layer.handleRequest (C:\\Users\\fatih\\Desktop\\node\\OnlineEdu\\node_modules\\router\\lib\\layer.js:152:17)\n    at next (C:\\Users\\fatih\\Desktop\\node\\OnlineEdu\\node_modules\\router\\lib\\route.js:157:13)\n    at middleware (C:\\Users\\fatih\\Desktop\\node\\OnlineEdu\\node_modules\\express-validator\\lib\\middlewares\\check.js:16:13)\n    at process.processTicksAndRejections (node:internal/process/task_queues:105:5)","url":"/api/auth/login"},"timestamp":"2025-04-18T00:58:28.945Z"}
{"level":"warn","message":"Uygulama Hatası: E-posta ve şifre gereklidir.","meta":{"ip":"::1","method":"POST","stack":"AppError: E-posta ve şifre gereklidir.\n    at login (C:\\Users\\fatih\\Desktop\\node\\OnlineEdu\\src\\controller\\authController.js:33:13)\n    at Layer.handleRequest (C:\\Users\\fatih\\Desktop\\node\\OnlineEdu\\node_modules\\router\\lib\\layer.js:152:17)\n    at next (C:\\Users\\fatih\\Desktop\\node\\OnlineEdu\\node_modules\\router\\lib\\route.js:157:13)\n    at validate (C:\\Users\\fatih\\Desktop\\node\\OnlineEdu\\src\\middleware\\validators\\validatorMiddleware.js:14:3)\n    at Layer.handleRequest (C:\\Users\\fatih\\Desktop\\node\\OnlineEdu\\node_modules\\router\\lib\\layer.js:152:17)\n    at next (C:\\Users\\fatih\\Desktop\\node\\OnlineEdu\\node_modules\\router\\lib\\route.js:157:13)\n    at middleware (C:\\Users\\fatih\\Desktop\\node\\OnlineEdu\\node_modules\\express-validator\\lib\\middlewares\\check.js:16:13)\n    at process.processTicksAndRejections (node:internal/process/task_queues:105:5)","url":"/api/auth/login"},"timestamp":"2025-04-18T00:58:32.471Z"}
{"level":"warn","message":"Uygulama Hatası: Şifreler eşleşmiyor.","meta":{"ip":"::1","method":"POST","url":"/api/auth/login"},"statusCode":400,"timestamp":"2025-04-18T01:00:04.523Z"}
{"level":"warn","message":"Uygulama Hatası: Şifreler eşleşmiyor.","meta":{"ip":"::1","method":"POST","url":"/api/auth/login"},"statusCode":400,"timestamp":"2025-04-18T01:01:10.912Z"}
{"level":"warn","message":"Uygulama Hatası: E-posta adresi bulunamadı.","meta":{"ip":"::1","method":"POST","url":"/api/auth/login"},"statusCode":400,"timestamp":"2025-04-18T01:01:15.870Z"}
{"level":"warn","message":"Uygulama Hatası: E-posta adresi bulunamadı.","meta":{"ip":"::1","method":"POST","url":"/api/auth/login"},"statusCode":400,"timestamp":"2025-04-18T01:01:19.467Z"}
{"level":"warn","message":"Uygulama Hatası: E-posta adresi bulunamadı.","meta":{"ip":"::1","method":"POST","url":"/api/auth/login"},"statusCode":400,"timestamp":"2025-04-18T01:01:28.075Z"}
{"level":"error","message":"Beklenmeyen Hata: Categoy is not defined","meta":{"ip":"::1","method":"GET","url":"/api/categories/"},"statusCode":500,"timestamp":"2025-04-19T06:32:56.102Z"}
{"level":"error","message":"Beklenmeyen Hata: category.save is not a function","meta":{"ip":"::1","method":"PUT","url":"/api/categories/node-js"},"statusCode":500,"timestamp":"2025-04-19T06:54:20.590Z"}
{"level":"error","message":"Beklenmeyen Hata: category.save is not a function","meta":{"ip":"::1","method":"PUT","url":"/api/categories/node-js"},"statusCode":500,"timestamp":"2025-04-19T06:57:18.124Z"}
{"level":"warn","message":"Beklenmeyen Hata: Unexpected end of JSON input","meta":{"ip":"::1","method":"GET","url":"/api/categories/node-js"},"statusCode":400,"timestamp":"2025-04-19T07:11:57.644Z"}
{"level":"warn","message":"Beklenmeyen Hata: Unexpected end of JSON input","meta":{"ip":"::1","method":"GET","url":"/api/categories/express-js"},"statusCode":400,"timestamp":"2025-04-19T07:13:29.416Z"}
{"level":"warn","message":"Beklenmeyen Hata: Unexpected end of JSON input","meta":{"ip":"::1","method":"GET","url":"/api/categories/express-js"},"statusCode":400,"timestamp":"2025-04-19T07:14:13.740Z"}
{"level":"warn","message":"Beklenmeyen Hata: Unexpected end of JSON input","meta":{"ip":"::1","method":"GET","url":"/api/categories/express-js"},"statusCode":400,"timestamp":"2025-04-19T07:14:23.865Z"}
{"level":"warn","message":"Beklenmeyen Hata: Unexpected end of JSON input","meta":{"ip":"::1","method":"GET","url":"/api/categories/express-js"},"statusCode":400,"timestamp":"2025-04-19T07:14:35.316Z"}
{"level":"warn","message":"Beklenmeyen Hata: Unexpected end of JSON input","meta":{"ip":"::1","method":"GET","url":"/api/categories/express-js"},"statusCode":400,"timestamp":"2025-04-19T07:16:47.989Z"}
{"level":"warn","message":"Beklenmeyen Hata: Unexpected end of JSON input","meta":{"ip":"::1","method":"GET","url":"/api/categories/express-js"},"statusCode":400,"timestamp":"2025-04-19T07:22:37.798Z"}
{"level":"warn","message":"Beklenmeyen Hata: Unexpected end of JSON input","meta":{"ip":"::1","method":"GET","url":"/api/categories/express-js"},"statusCode":400,"timestamp":"2025-04-19T07:22:49.890Z"}
{"level":"warn","message":"Beklenmeyen Hata: Unexpected end of JSON input","meta":{"ip":"::1","method":"GET","url":"/api/categories/express-js"},"statusCode":400,"timestamp":"2025-04-19T07:22:53.909Z"}
{"level":"warn","message":"Beklenmeyen Hata: Unexpected end of JSON input","meta":{"ip":"::1","method":"GET","url":"/api/categories/express-js"},"statusCode":400,"timestamp":"2025-04-19T07:23:16.016Z"}
{"level":"warn","message":"Beklenmeyen Hata: Unexpected end of JSON input","meta":{"ip":"::1","method":"GET","url":"/api/categories/express-js"},"statusCode":400,"timestamp":"2025-04-19T07:23:28.466Z"}
{"level":"warn","message":"Beklenmeyen Hata: Unexpected end of JSON input","meta":{"ip":"::1","method":"GET","url":"/api/categories/express-js"},"statusCode":400,"timestamp":"2025-04-19T07:24:10.300Z"}
{"level":"warn","message":"Beklenmeyen Hata: Unexpected end of JSON input","meta":{"ip":"::1","method":"GET","url":"/api/categories/express-jsddd"},"statusCode":400,"timestamp":"2025-04-19T07:26:24.302Z"}
{"level":"warn","message":"Beklenmeyen Hata: Unexpected end of JSON input","meta":{"ip":"::1","method":"GET","url":"/api/categories/express-jsddd"},"statusCode":400,"timestamp":"2025-04-19T07:26:43.537Z"}
{"level":"warn","message":"Beklenmeyen Hata: Unexpected end of JSON input","meta":{"ip":"::1","method":"GET","url":"/api/categories/express-jsddd"},"statusCode":400,"timestamp":"2025-04-19T07:27:28.772Z"}
{"level":"warn","message":"Beklenmeyen Hata: Unexpected end of JSON input","meta":{"ip":"::1","method":"GET","url":"/api/categories/express"},"statusCode":400,"timestamp":"2025-04-19T07:28:21.611Z"}
{"level":"warn","message":"Beklenmeyen Hata: Unexpected end of JSON input","meta":{"ip":"::1","method":"GET","url":"/api/categories/express"},"statusCode":400,"timestamp":"2025-04-19T07:30:10.778Z"}
{"level":"warn","message":"Beklenmeyen Hata: Unexpected end of JSON input","meta":{"ip":"::1","method":"GET","url":"/api/categories/express"},"statusCode":400,"timestamp":"2025-04-19T07:31:43.998Z"}
{"level":"warn","message":"Beklenmeyen Hata: Unexpected end of JSON input","meta":{"ip":"::1","method":"GET","url":"/api/categories/express"},"statusCode":400,"timestamp":"2025-04-19T07:33:37.007Z"}
{"level":"warn","message":"Beklenmeyen Hata: Unexpected end of JSON input","meta":{"ip":"::1","method":"GET","url":"/api/categories/express"},"statusCode":400,"timestamp":"2025-04-19T07:33:54.505Z"}
{"level":"error","message":"Beklenmeyen Hata: Cannot read properties of null (reading 'length')","meta":{"ip":"::1","method":"DELETE","url":"/api/categories/node-jsasfdsaf"},"statusCode":500,"timestamp":"2025-04-19T07:41:22.189Z"}
{"level":"error","message":"Beklenmeyen Hata: Cannot read properties of null (reading 'length')","meta":{"ip":"::1","method":"DELETE","url":"/api/categories/node-jsasfdsaf"},"statusCode":500,"timestamp":"2025-04-19T07:41:43.219Z"}
{"level":"error","message":"Beklenmeyen Hata: Cannot read properties of null (reading 'length')","meta":{"ip":"::1","method":"DELETE","url":"/api/categories/node-jsasfdsaf"},"statusCode":500,"timestamp":"2025-04-19T07:42:32.683Z"}
{"level":"error","message":"Beklenmeyen Hata: Cannot read properties of null (reading 'slug')","meta":{"ip":"::1","method":"DELETE","url":"/api/categories/node-jsasfdsaf"},"statusCode":500,"timestamp":"2025-04-19T07:43:43.698Z"}
{"level":"error","message":"Beklenmeyen Hata: Cannot read properties of null (reading 'length')","meta":{"ip":"::1","method":"DELETE","url":"/api/categories/node-jsasfdsaf"},"statusCode":500,"timestamp":"2025-04-19T07:48:56.249Z"}
{"level":"warn","message":"Uygulama Hatası: Kategori bulunamadı.","meta":{"ip":"::1","method":"DELETE","url":"/api/categories/node-jsasfdsaf"},"statusCode":404,"timestamp":"2025-04-19T07:49:21.756Z"}
{"level":"warn","message":"Uygulama Hatası: Kategori bulunamadı.","meta":{"ip":"::1","method":"DELETE","url":"/api/categories/node-jsasfdsaf"},"statusCode":404,"timestamp":"2025-04-19T07:49:25.558Z"}
{"level":"warn","message":"Uygulama Hatası: Kategori bulunamadı.","meta":{"ip":"::1","method":"GET","url":"/api/categories/express"},"statusCode":404,"timestamp":"2025-04-19T07:51:31.042Z"}
{"level":"warn","message":"Uygulama Hatası: Token gereklidir.","meta":{"ip":"::1","method":"PUT","url":"/api/categories/expressdd-js"},"statusCode":403,"timestamp":"2025-04-19T13:04:13.408Z"}
{"level":"warn","message":"Uygulama Hatası: Kategori bulunamadı.","meta":{"ip":"::1","method":"PUT","url":"/api/categories/express-js"},"statusCode":404,"timestamp":"2025-04-19T13:06:50.269Z"}
{"level":"warn","message":"Uygulama Hatası: Kategori bulunamadı.","meta":{"ip":"::1","method":"PUT","url":"/api/categories/express-js"},"statusCode":404,"timestamp":"2025-04-19T13:08:12.839Z"}
{"level":"warn","message":"Uygulama Hatası: Kategori bulunamadı.","meta":{"ip":"::1","method":"GET","url":"/api/categories/node-jsx"},"statusCode":404,"timestamp":"2025-04-19T13:09:09.834Z"}
{"level":"warn","message":"Uygulama Hatası: Kategori bulunamadı.","meta":{"ip":"::1","method":"GET","url":"/api/categories/node-jsx"},"statusCode":404,"timestamp":"2025-04-19T13:09:22.709Z"}
{"level":"warn","message":"Uygulama Hatası: Kategori bulunamadı.","meta":{"ip":"::1","method":"GET","url":"/api/categories/node-jsx"},"statusCode":404,"timestamp":"2025-04-19T13:09:48.585Z"}
{"level":"warn","message":"Uygulama Hatası: Kategori bulunamadı.","meta":{"ip":"::1","method":"GET","url":"/api/categories/node-jsx"},"statusCode":404,"timestamp":"2025-04-19T13:10:27.310Z"}
{"level":"warn","message":"Uygulama Hatası: Kategori bulunamadı.","meta":{"ip":"::1","method":"GET","url":"/api/categories/node-jsx"},"statusCode":404,"timestamp":"2025-04-19T13:11:09.040Z"}
{"level":"warn","message":"Uygulama Hatası: Kategori bulunamadı.","meta":{"ip":"::1","method":"GET","url":"/api/categories/node-jsx"},"statusCode":404,"timestamp":"2025-04-19T13:12:08.890Z"}
{"level":"warn","message":"Uygulama Hatası: Kategori bulunamadı.","meta":{"ip":"::1","method":"GET","url":"/api/categories/node-jsx"},"statusCode":404,"timestamp":"2025-04-19T13:12:12.715Z"}
{"level":"error","message":"Beklenmeyen Hata: Course validation failed: level: `Orta` is not a valid enum value for path `level`.","meta":{"ip":"::1","method":"POST","url":"/api/courses/"},"statusCode":500,"timestamp":"2025-04-19T13:52:54.211Z"}
{"level":"error","message":"Beklenmeyen Hata: Schema hasn't been registered for model \"Lesson\".\nUse mongoose.model(name, schema)","meta":{"ip":"::1","method":"GET","url":"/api/courses/react-ile-modern-web-gelistirme"},"statusCode":500,"timestamp":"2025-04-19T14:34:36.946Z"}
{"level":"warn","message":"Uygulama Hatası: Token gereklidir.","meta":{"ip":"::1","method":"GET","url":"/api/users/"},"statusCode":403,"timestamp":"2025-04-19T15:00:07.052Z"}
{"level":"warn","message":"Uygulama Hatası: Eksik alanlar var.","meta":{"ip":"::1","method":"GET","url":"/api/courses/instructor/admin"},"statusCode":400,"timestamp":"2025-04-19T15:04:05.241Z"}
{"level":"warn","message":"Uygulama Hatası: Kurs bulunamadı.","meta":{"ip":"::1","method":"PUT","url":"/api/courses/react-ile-modern-web-gelistirme"},"statusCode":404,"timestamp":"2025-04-19T15:46:28.724Z"}
{"level":"error","message":"Beklenmeyen Hata: createCourseFolder is not a function","meta":{"ip":"::1","method":"POST","url":"/api/courses/"},"statusCode":500,"timestamp":"2025-04-19T15:46:41.358Z"}
{"level":"error","message":"Beklenmeyen Hata: createCourseFolder is not a function","meta":{"ip":"::1","method":"POST","url":"/api/courses/"},"statusCode":500,"timestamp":"2025-04-19T15:47:54.314Z"}
{"level":"error","message":"Beklenmeyen Hata: createCourseFolder is not a function","meta":{"ip":"::1","method":"POST","url":"/api/courses/"},"statusCode":500,"timestamp":"2025-04-19T15:48:13.187Z"}
{"level":"error","message":"Beklenmeyen Hata: createCourseFolder is not a function","meta":{"ip":"::1","method":"POST","url":"/api/courses/"},"statusCode":500,"timestamp":"2025-04-19T15:49:19.538Z"}
{"level":"error","message":"Beklenmeyen Hata: FileService.createCourseFolder is not a function","meta":{"ip":"::1","method":"POST","url":"/api/courses/"},"statusCode":500,"timestamp":"2025-04-19T15:50:12.141Z"}
